<?xml version="1.0" encoding="UTF-8"?>
<Site BuildName="Win32-ninja"
	BuildStamp="20241222-1120-Experimental"
	Name="Home"
	Generator="ctest-3.31.2"
	CompilerName=""
	CompilerVersion=""
	OSName="Windows"
	Hostname="Home"
	OSRelease=" Professional"
	OSVersion=" (Build 26100)"
	OSPlatform="AMD64"
	Is64Bits="1"
	VendorString="GenuineIntel"
	VendorID="Intel Corporation"
	FamilyID="6"
	ModelID="14"
	ModelName=""
	ProcessorCacheSize="-1"
	NumberOfLogicalCPU="6"
	NumberOfPhysicalCPU="6"
	TotalVirtualMemory="26047"
	TotalPhysicalMemory="16319"
	LogicalProcessorsPerPhysical="1"
	ProcessorClockFrequency="3705"
	>
	<Testing>
		<StartDateTime>Dec 22 12:21 W. Europe Standard Time</StartDateTime>
		<StartTestTime>1734866466</StartTestTime>
		<TestList/>
		<EndDateTime>Dec 22 12:21 W. Europe Standard Time</EndDateTime>
		<EndTestTime>1734866466</EndTestTime>
		<ElapsedMinutes>0</ElapsedMinutes>
	</Testing>
</Site>
